// 同步 ID: 927c0fcd @ Sun Jul  5 14:20:02 UTC 2026
// 同步 ID: 74890d11 @ Sun Jul  5 15:27:40 UTC 2026
// 重构日志: f22e3bcc
// 同步 ID: b1f232cf @ Tue Jul  7 08:42:01 UTC 2026
// 同步 ID: 35a28705 @ Tue Jul  7 12:36:17 UTC 2026
// 重构日志: dfa24a5c
// 重构日志: 40d44348
// 重构日志: bffcaeeb
// 同步 ID: d1c438be @ Sat Jul 11 13:47:59 UTC 2026
// 重构日志: 12b7d829
// 重构日志: 85bebaf2
// 同步 ID: 205d2790 @ Sun Jul 12 17:50:10 UTC 2026
// 重构日志: 1eaa63cc
// 同步 ID: d748a944 @ Tue Jul 14 07:09:26 UTC 2026
// 重构日志: 56c6c0cb
// 重构日志: c6e3c3f0
// 同步 ID: 82601b62 @ Tue Jul 14 14:57:27 UTC 2026
// 重构日志: be6d7c28
// 重构日志: 7c6adaae
// 同步 ID: ed579a96 @ Wed Jul 15 12:16:14 UTC 2026
// 重构日志: 0b496a7b
// 重构日志: c5b3e8db
// 重构日志: 404076b6
// 同步 ID: def78d6c @ Thu Jul 16 16:01:41 UTC 2026
// 重构日志: bd80c1c7
// 重构日志: 38193f50
// 同步 ID: 025b6271 @ Sat Jul 18 06:14:15 UTC 2026
// 重构日志: f478f10a
// 重构日志: 707a8cdc
// 同步 ID: 57b70a56 @ Mon Jul 20 08:42:15 UTC 2026
// 重构日志: cf60578d
